DEBUG:root:Проверяет корректность значения атрибута name
DEBUG:root:Проверяет корректность значения атрибута subjects_file
DEBUG:root:Загружает предметы из файла CSV c атрибутом subjects_file='subjects.csv'
DEBUG:root:Проверяет корректность значения атрибута subjects
DEBUG:root:Создание экземпляра класса 'Student'c атрибутами name='Т', subjects_file='subjects.csv'
DEBUG:root:Добавляет оценку 4 к предмету Математика
DEBUG:root:Добавляет результат теста 87 к предмету Математика
DEBUG:root:Добавляет результат теста 95 к предмету Математика
DEBUG:root:Добавляет оценку 5 к предмету История
DEBUG:root:Возвращает средний балл по всем предметам
DEBUG:root:Возвращает средний балл по тестам для Математика
DEBUG:root:Проверяет корректность значения атрибута name
DEBUG:root:Проверяет корректность значения атрибута subjects_file
DEBUG:root:Загружает предметы из файла CSV c атрибутом subjects_file='subjects.csv'
DEBUG:root:Проверяет корректность значения атрибута subjects
DEBUG:root:Создание экземпляра класса 'Student'c атрибутами name='Т', subjects_file='subjects.csv'
DEBUG:root:Добавляет оценку 4 к предмету Математика
DEBUG:root:Добавляет результат теста 87 к предмету Математика
DEBUG:root:Добавляет результат теста 95 к предмету Математика
DEBUG:root:Добавляет оценку 5 к предмету История
DEBUG:root:Возвращает средний балл по всем предметам
DEBUG:root:Возвращает средний балл по тестам для Математика
DEBUG:root:Проверяет корректность значения атрибута name
DEBUG:root:Проверяет корректность значения атрибута subjects_file
DEBUG:root:Загружает предметы из файла CSV c атрибутом subjects_file='subjects.csv'
DEBUG:root:Проверяет корректность значения атрибута subjects
DEBUG:root:Создание экземпляра класса 'Student'c атрибутами name='Т', subjects_file='subjects.csv'
DEBUG:root:Добавляет оценку 4 к предмету Математика
DEBUG:root:Добавляет результат теста 87 к предмету Математика
DEBUG:root:Добавляет результат теста 95 к предмету Математика
DEBUG:root:Добавляет оценку 5 к предмету История
DEBUG:root:Возвращает средний балл по всем предметам
DEBUG:root:Возвращает средний балл по тестам для Математика
DEBUG:root:Загружает предметы из файла CSV c атрибутом subjects_file='subjects.csv'
